/*C2*/SET SCHEMA PUBLIC
DISCONNECT
/*C3*/SET SCHEMA PUBLIC
create table public.peer (id integer generated by default as identity (start with 1), ip varchar(15) not null, port integer not null, user_id integer not null, primary key (id))
create table public.request (id integer generated by default as identity (start with 1), created timestamp not null, resent timestamp, solution varchar(255), solved timestamp, sender_id integer not null, solver_id integer, primary key (id))
create table public.user (id integer generated by default as identity (start with 1), coins integer not null, password varchar(40) not null, token varchar(64) not null, username varchar(16) not null, primary key (id))
alter table public.peer add constraint FK34716295E83AA0 foreign key (user_id) references public.user
alter table public.request add constraint FK414EF28F644F0158 foreign key (solver_id) references public.user
alter table public.request add constraint FK414EF28FA0987BF6 foreign key (sender_id) references public.user
DISCONNECT
/*C5*/SET SCHEMA PUBLIC
INSERT INTO USER VALUES(1,100,'myTest','123','myTest')
COMMIT
DISCONNECT
/*C6*/SET SCHEMA PUBLIC
INSERT INTO REQUEST VALUES(1,'2013-01-20 16:25:30.358000',NULL,NULL,NULL,1,NULL)
COMMIT
DISCONNECT
/*C4*/SET SCHEMA PUBLIC
DISCONNECT
/*C7*/SET SCHEMA PUBLIC
DISCONNECT
